2013-12-27 18:16:38 Error: [MissingControllerException] Controller class 5starController could not be found.
Exception Attributes: array (
  'class' => '5starController',
  'plugin' => NULL,
)
Request URL: /cakephp/5star/
Stack Trace:
#0 /Users/seyia/Documents/WWW/apache2/htdocs/cakephp/app/webroot/index.php(108): Dispatcher->dispatch(Object(CakeRequest), Object(CakeResponse))
#1 {main}
2014-01-01 23:47:25 Error: [MissingControllerException] Controller class ImgController could not be found.
Exception Attributes: array (
  'class' => 'ImgController',
  'plugin' => NULL,
)
Request URL: /cakephp/img/avatar-accept.png
Stack Trace:
#0 /Users/seyia/Documents/WWW/apache2/htdocs/cakephp/app/webroot/index.php(108): Dispatcher->dispatch(Object(CakeRequest), Object(CakeResponse))
#1 {main}
2014-01-01 23:48:32 Error: [MissingControllerException] Controller class ImgController could not be found.
Exception Attributes: array (
  'class' => 'ImgController',
  'plugin' => NULL,
)
Request URL: /cakephp/img/avatar-accept.png
Stack Trace:
#0 /Users/seyia/Documents/WWW/apache2/htdocs/cakephp/app/webroot/index.php(108): Dispatcher->dispatch(Object(CakeRequest), Object(CakeResponse))
#1 {main}
2014-01-02 12:11:49 Error: [MissingControllerException] Controller class SController could not be found.
Exception Attributes: array (
  'class' => 'SController',
  'plugin' => NULL,
)
Request URL: /CAKEPHP/S
Stack Trace:
#0 /Users/seyia/Documents/WWW/apache2/htdocs/cakephp/app/webroot/index.php(108): Dispatcher->dispatch(Object(CakeRequest), Object(CakeResponse))
#1 {main}
